2022-04-15 17:15:12.377 [main] INFO  SciCalculator.calculator - [Square_Root] - 4.0
2022-04-15 17:15:12.380 [main] INFO  SciCalculator.calculator - [Square_Root-Result] - 2.0
2022-04-15 17:15:12.380 [main] INFO  SciCalculator.calculator - [Square_Root] - 25.0
2022-04-15 17:15:12.380 [main] INFO  SciCalculator.calculator - [Square_Root-Result] - 5.0
2022-04-15 17:15:12.387 [main] INFO  SciCalculator.calculator - [Power] - [Base] - 3.0 [Exponent] - 2
2022-04-15 17:15:12.387 [main] INFO  SciCalculator.calculator - [Power-Result] - 9.0
2022-04-15 17:15:12.388 [main] INFO  SciCalculator.calculator - [Power] - [Base] - 5.0 [Exponent] - 2
2022-04-15 17:15:12.388 [main] INFO  SciCalculator.calculator - [Power-Result] - 25.0
2022-04-15 17:15:12.389 [main] INFO  SciCalculator.calculator - [Factorial] - 5
2022-04-15 17:15:12.393 [main] INFO  SciCalculator.calculator - [Factorial-Result] - 120
2022-04-15 17:15:12.394 [main] INFO  SciCalculator.calculator - [Factorial] - 4
2022-04-15 17:15:12.394 [main] INFO  SciCalculator.calculator - [Factorial-Result] - 24
2022-04-15 17:15:12.395 [main] INFO  SciCalculator.calculator - [Natural_Log] - 10.0
2022-04-15 17:15:12.395 [main] INFO  SciCalculator.calculator - [Natural_Log-Result] - 2.302585092994046
2022-04-15 17:15:12.395 [main] INFO  SciCalculator.calculator - [Natural_Log] - 5.0
2022-04-15 17:15:12.396 [main] INFO  SciCalculator.calculator - [Natural_Log-Result] - 1.6094379124341003
2022-04-15 17:15:19.230 [main] INFO  SciCalculator.calculator - [Square_Root] - 4.0
2022-04-15 17:15:19.234 [main] INFO  SciCalculator.calculator - [Square_Root-Result] - 2.0
2022-04-15 17:15:19.235 [main] INFO  SciCalculator.calculator - [Square_Root] - 25.0
2022-04-15 17:15:19.235 [main] INFO  SciCalculator.calculator - [Square_Root-Result] - 5.0
2022-04-15 17:15:19.239 [main] INFO  SciCalculator.calculator - [Power] - [Base] - 3.0 [Exponent] - 2
2022-04-15 17:15:19.240 [main] INFO  SciCalculator.calculator - [Power-Result] - 9.0
2022-04-15 17:15:19.240 [main] INFO  SciCalculator.calculator - [Power] - [Base] - 5.0 [Exponent] - 2
2022-04-15 17:15:19.241 [main] INFO  SciCalculator.calculator - [Power-Result] - 25.0
2022-04-15 17:15:19.241 [main] INFO  SciCalculator.calculator - [Factorial] - 5
2022-04-15 17:15:19.245 [main] INFO  SciCalculator.calculator - [Factorial-Result] - 120
2022-04-15 17:15:19.246 [main] INFO  SciCalculator.calculator - [Factorial] - 4
2022-04-15 17:15:19.246 [main] INFO  SciCalculator.calculator - [Factorial-Result] - 24
2022-04-15 17:15:19.247 [main] INFO  SciCalculator.calculator - [Natural_Log] - 10.0
2022-04-15 17:15:19.247 [main] INFO  SciCalculator.calculator - [Natural_Log-Result] - 2.302585092994046
2022-04-15 17:15:19.247 [main] INFO  SciCalculator.calculator - [Natural_Log] - 5.0
2022-04-15 17:15:19.248 [main] INFO  SciCalculator.calculator - [Natural_Log-Result] - 1.6094379124341003